<?xml version="1.0" encoding="UTF-8"?>
<!-- Generated by org.testng.reporters.JUnitXMLReporter -->
<testsuite hostname="ATMECSINLT-405" ignored="0" name="Test" tests="5" failures="0" timestamp="2020-10-14T11:40:17 IST" time="136.698" errors="0">
  <testcase name="headerFooter" time="0.446" classname="com.atmecs.atmecsautomation.testscripts.HeaderFooterTest"/>
  <testcase name="doHyperlinkTest" time="33.699" classname="com.atmecs.atmecsautomation.testscripts.HyperlinksTest"/>
  <testcase name="menuWithSubMenu" time="32.625" classname="com.atmecs.atmecsautomation.testscripts.MenuWithSubMenuItems"/>
  <testcase name="subMenuDigitalLife" time="8.114" classname="com.atmecs.atmecsautomation.testscripts.SubmenuServicesDigitalLife"/>
  <testcase name="cssEffect" time="1.561" classname="com.atmecs.atmecsautomation.testscripts.MoreInfoButtonCSSEffect"/>
</testsuite> <!-- Test -->
