<?xml version="1.0" encoding="UTF-8"?>
<!-- Generated by org.testng.reporters.JUnitXMLReporter -->
<testsuite hostname="ATMECSINLT-405" ignored="0" name="Test" tests="5" failures="0" timestamp="2020-10-14T11:24:53 IST" time="163.231" errors="0">
  <testcase name="headerFooter" time="0.443" classname="com.atmecs.atmecsautomation.testscripts.HeaderFooterTest"/>
  <testcase name="doHyperlinkTest" time="47.993" classname="com.atmecs.atmecsautomation.testscripts.HyperlinksTest"/>
  <testcase name="menuWithSubMenu" time="37.138" classname="com.atmecs.atmecsautomation.testscripts.MenuWithSubMenuItems"/>
  <testcase name="subMenuDigitalLife" time="8.611" classname="com.atmecs.atmecsautomation.testscripts.SubmenuServicesDigitalLife"/>
  <testcase name="cssEffect" time="1.518" classname="com.atmecs.atmecsautomation.testscripts.MoreInfoButtonCSSEffect"/>
</testsuite> <!-- Test -->
