<?xml version="1.0" encoding="UTF-8"?>
<testng-results skipped="0" failed="0" ignored="0" total="4" passed="4">
  <reporter-output>
  </reporter-output>
  <suite name="Default suite" duration-ms="80210" started-at="2020-10-09T18:20:26 IST" finished-at="2020-10-09T18:21:46 IST">
    <groups>
    </groups>
    <test name="Default test" duration-ms="80210" started-at="2020-10-09T18:20:26 IST" finished-at="2020-10-09T18:21:46 IST">
      <class name="com.atmecs.demoblaze.testscripts.Login">
        <test-method status="PASS" signature="lunchBrowser()[pri:0, instance:com.atmecs.demoblaze.testscripts.Login@d44fc21]" name="lunchBrowser" is-config="true" duration-ms="11519" started-at="2020-10-09T18:20:26 IST" finished-at="2020-10-09T18:20:38 IST">
          <reporter-output>
          </reporter-output>
        </test-method> <!-- lunchBrowser -->
        <test-method status="PASS" signature="login()[pri:2, instance:com.atmecs.demoblaze.testscripts.Login@d44fc21]" name="login" duration-ms="842" started-at="2020-10-09T18:20:38 IST" finished-at="2020-10-09T18:20:38 IST">
          <reporter-output>
          </reporter-output>
        </test-method> <!-- login -->
        <test-method status="PASS" signature="closeBrowser()[pri:0, instance:com.atmecs.demoblaze.testscripts.Login@d44fc21]" name="closeBrowser" is-config="true" duration-ms="934" started-at="2020-10-09T18:20:38 IST" finished-at="2020-10-09T18:20:39 IST">
          <reporter-output>
          </reporter-output>
        </test-method> <!-- closeBrowser -->
      </class> <!-- com.atmecs.demoblaze.testscripts.Login -->
      <class name="com.atmecs.demoblaze.testscripts.Registration">
        <test-method status="PASS" signature="lunchBrowser()[pri:0, instance:com.atmecs.demoblaze.testscripts.Registration@23faf8f2]" name="lunchBrowser" is-config="true" duration-ms="11160" started-at="2020-10-09T18:20:39 IST" finished-at="2020-10-09T18:20:51 IST">
          <reporter-output>
          </reporter-output>
        </test-method> <!-- lunchBrowser -->
        <test-method status="PASS" signature="register()[pri:1, instance:com.atmecs.demoblaze.testscripts.Registration@23faf8f2]" name="register" duration-ms="899" started-at="2020-10-09T18:20:51 IST" finished-at="2020-10-09T18:20:51 IST">
          <reporter-output>
          </reporter-output>
        </test-method> <!-- register -->
        <test-method status="PASS" signature="closeBrowser()[pri:0, instance:com.atmecs.demoblaze.testscripts.Registration@23faf8f2]" name="closeBrowser" is-config="true" duration-ms="987" started-at="2020-10-09T18:20:51 IST" finished-at="2020-10-09T18:20:52 IST">
          <reporter-output>
          </reporter-output>
        </test-method> <!-- closeBrowser -->
      </class> <!-- com.atmecs.demoblaze.testscripts.Registration -->
      <class name="com.atmecs.demoblaze.testscripts.ContactUs">
        <test-method status="PASS" signature="lunchBrowser()[pri:0, instance:com.atmecs.demoblaze.testscripts.ContactUs@2d6eabae]" name="lunchBrowser" is-config="true" duration-ms="18729" started-at="2020-10-09T18:20:52 IST" finished-at="2020-10-09T18:21:11 IST">
          <reporter-output>
          </reporter-output>
        </test-method> <!-- lunchBrowser -->
        <test-method status="PASS" signature="contactus()[pri:3, instance:com.atmecs.demoblaze.testscripts.ContactUs@2d6eabae]" name="contactus" duration-ms="1440" started-at="2020-10-09T18:21:11 IST" finished-at="2020-10-09T18:21:13 IST">
          <reporter-output>
          </reporter-output>
        </test-method> <!-- contactus -->
        <test-method status="PASS" signature="closeBrowser()[pri:0, instance:com.atmecs.demoblaze.testscripts.ContactUs@2d6eabae]" name="closeBrowser" is-config="true" duration-ms="1368" started-at="2020-10-09T18:21:13 IST" finished-at="2020-10-09T18:21:14 IST">
          <reporter-output>
          </reporter-output>
        </test-method> <!-- closeBrowser -->
      </class> <!-- com.atmecs.demoblaze.testscripts.ContactUs -->
      <class name="com.atmecs.demoblaze.testscripts.AddToCart">
        <test-method status="PASS" signature="lunchBrowser()[pri:0, instance:com.atmecs.demoblaze.testscripts.AddToCart@4e7dc304]" name="lunchBrowser" is-config="true" duration-ms="10584" started-at="2020-10-09T18:21:14 IST" finished-at="2020-10-09T18:21:25 IST">
          <reporter-output>
          </reporter-output>
        </test-method> <!-- lunchBrowser -->
        <test-method status="PASS" signature="addtoCart()[pri:4, instance:com.atmecs.demoblaze.testscripts.AddToCart@4e7dc304]" name="addtoCart" duration-ms="20316" started-at="2020-10-09T18:21:25 IST" finished-at="2020-10-09T18:21:45 IST">
          <reporter-output>
          </reporter-output>
        </test-method> <!-- addtoCart -->
        <test-method status="PASS" signature="closeBrowser()[pri:0, instance:com.atmecs.demoblaze.testscripts.AddToCart@4e7dc304]" name="closeBrowser" is-config="true" duration-ms="1364" started-at="2020-10-09T18:21:45 IST" finished-at="2020-10-09T18:21:46 IST">
          <reporter-output>
          </reporter-output>
        </test-method> <!-- closeBrowser -->
      </class> <!-- com.atmecs.demoblaze.testscripts.AddToCart -->
    </test> <!-- Default test -->
  </suite> <!-- Default suite -->
</testng-results>
