<?xml version="1.0" encoding="UTF-8"?>
<!-- Generated by org.testng.reporters.JUnitXMLReporter -->
<testsuite hostname="ATMECSINLT-405" ignored="0" name="Test" tests="4" failures="0" timestamp="2020-10-07T10:23:16 IST" time="87.873" errors="0">
  <testcase name="addtoCart" time="14.274" classname="com.atmecs.demoblaze.testscripts.AddToCart"/>
  <testcase name="login" time="0.93" classname="com.atmecs.demoblaze.testscripts.Login"/>
  <testcase name="contactus" time="1.304" classname="com.atmecs.demoblaze.testscripts.ContactUs"/>
  <testcase name="register" time="0.977" classname="com.atmecs.demoblaze.testscripts.Registration"/>
</testsuite> <!-- Test -->
