<?xml version="1.0" encoding="UTF-8"?>
<testng-results skipped="0" failed="1" ignored="0" total="1" passed="0">
  <reporter-output>
  </reporter-output>
  <suite name="Default suite" duration-ms="4163" started-at="2020-11-13T12:33:57 IST" finished-at="2020-11-13T12:34:01 IST">
    <groups>
    </groups>
    <test name="Default test" duration-ms="4163" started-at="2020-11-13T12:33:57 IST" finished-at="2020-11-13T12:34:01 IST">
      <class name="com.atmecs.apitesting.testscripts.GetApiTest">
        <test-method status="FAIL" signature="testGetApi(java.lang.String, java.lang.String, java.lang.String)[pri:0, instance:com.atmecs.apitesting.testscripts.GetApiTest@3b084709]" name="testGetApi" duration-ms="4093" started-at="2020-11-13T12:33:57 IST" data-provider="usersdata" finished-at="2020-11-13T12:34:01 IST">
          <params>
            <param index="0">
              <value>
                <![CDATA[https://reqres.in/api/users/2]]>
              </value>
            </param>
            <param index="1">
              <value>
                <![CDATA[Janet]]>
              </value>
            </param>
            <param index="2">
              <value>
                <![CDATA[Weaver]]>
              </value>
            </param>
          </params>
          <exception class="groovy.lang.MissingMethodException">
            <message>
              <![CDATA[No signature of method: io.restassured.path.json.config.JsonPathConfig.jackson1ObjectMapperFactory() is applicable for argument types: (io.restassured.path.json.mapper.factory.DefaultJackson1ObjectMapperFactory) values: [io.restassured.path.json.mapper.factory.DefaultJackson1ObjectMapperFactory@a50b09c]
Possible solutions: jackson1ObjectMapperFactory(), jackson1ObjectMapperFactory(io.restassured.mapper.factory.Jackson1ObjectMapperFactory), jackson2ObjectMapperFactory(), jackson2ObjectMapperFactory(io.restassured.mapper.factory.Jackson2ObjectMapperFactory)]]>
            </message>
            <full-stacktrace>
              <![CDATA[groovy.lang.MissingMethodException: No signature of method: io.restassured.path.json.config.JsonPathConfig.jackson1ObjectMapperFactory() is applicable for argument types: (io.restassured.path.json.mapper.factory.DefaultJackson1ObjectMapperFactory) values: [io.restassured.path.json.mapper.factory.DefaultJackson1ObjectMapperFactory@a50b09c]
Possible solutions: jackson1ObjectMapperFactory(), jackson1ObjectMapperFactory(io.restassured.mapper.factory.Jackson1ObjectMapperFactory), jackson2ObjectMapperFactory(), jackson2ObjectMapperFactory(io.restassured.mapper.factory.Jackson2ObjectMapperFactory)
at org.codehaus.groovy.runtime.ScriptBytecodeAdapter.unwrap(ScriptBytecodeAdapter.java:70)
at org.codehaus.groovy.runtime.callsite.PojoMetaClassSite.call(PojoMetaClassSite.java:46)
at org.codehaus.groovy.runtime.callsite.CallSiteArray.defaultCall(CallSiteArray.java:47)
at org.codehaus.groovy.runtime.callsite.AbstractCallSite.call(AbstractCallSite.java:125)
at org.codehaus.groovy.runtime.callsite.AbstractCallSite.call(AbstractCallSite.java:139)
at io.restassured.internal.RestAssuredResponseOptionsGroovyImpl.jsonPath(RestAssuredResponseOptionsGroovyImpl.groovy:367)
at io.restassured.internal.RestAssuredResponseOptionsImpl.jsonPath(RestAssuredResponseOptionsImpl.java:205)
at com.atmecs.apitesting.testscripts.GetApiTest.testGetApi(GetApiTest.java:27)
at sun.reflect.NativeMethodAccessorImpl.invoke0(Native Method)
at sun.reflect.NativeMethodAccessorImpl.invoke(NativeMethodAccessorImpl.java:62)
at sun.reflect.DelegatingMethodAccessorImpl.invoke(DelegatingMethodAccessorImpl.java:43)
at java.lang.reflect.Method.invoke(Method.java:498)
at org.testng.internal.MethodInvocationHelper.invokeMethod(MethodInvocationHelper.java:132)
at org.testng.internal.TestInvoker.invokeMethod(TestInvoker.java:599)
at org.testng.internal.TestInvoker.invokeTestMethod(TestInvoker.java:174)
at org.testng.internal.MethodRunner.runInSequence(MethodRunner.java:46)
at org.testng.internal.TestInvoker$MethodInvocationAgent.invoke(TestInvoker.java:822)
at org.testng.internal.TestInvoker.invokeTestMethods(TestInvoker.java:147)
at org.testng.internal.TestMethodWorker.invokeTestMethods(TestMethodWorker.java:146)
at org.testng.internal.TestMethodWorker.run(TestMethodWorker.java:128)
at java.util.ArrayList.forEach(ArrayList.java:1257)
at org.testng.TestRunner.privateRun(TestRunner.java:764)
at org.testng.TestRunner.run(TestRunner.java:585)
at org.testng.SuiteRunner.runTest(SuiteRunner.java:384)
at org.testng.SuiteRunner.runSequentially(SuiteRunner.java:378)
at org.testng.SuiteRunner.privateRun(SuiteRunner.java:337)
at org.testng.SuiteRunner.run(SuiteRunner.java:286)
at org.testng.SuiteRunnerWorker.runSuite(SuiteRunnerWorker.java:53)
at org.testng.SuiteRunnerWorker.run(SuiteRunnerWorker.java:96)
at org.testng.TestNG.runSuitesSequentially(TestNG.java:1218)
at org.testng.TestNG.runSuitesLocally(TestNG.java:1140)
at org.testng.TestNG.runSuites(TestNG.java:1069)
at org.testng.TestNG.run(TestNG.java:1037)
at org.testng.remote.AbstractRemoteTestNG.run(AbstractRemoteTestNG.java:115)
at org.testng.remote.RemoteTestNG.initAndRun(RemoteTestNG.java:251)
at org.testng.remote.RemoteTestNG.main(RemoteTestNG.java:77)
]]>
            </full-stacktrace>
          </exception> <!-- groovy.lang.MissingMethodException -->
          <reporter-output>
          </reporter-output>
        </test-method> <!-- testGetApi -->
      </class> <!-- com.atmecs.apitesting.testscripts.GetApiTest -->
    </test> <!-- Default test -->
  </suite> <!-- Default suite -->
</testng-results>
