<?xml version="1.0" encoding="UTF-8"?>
<!-- Generated by org.testng.reporters.JUnitXMLReporter -->
<testsuite hostname="ATMECSINLT-405" ignored="0" name="Default test" tests="4" failures="0" timestamp="2020-10-09T18:21:46 IST" time="80.21" errors="0">
  <testcase name="login" time="0.842" classname="com.atmecs.demoblaze.testscripts.Login"/>
  <testcase name="register" time="0.899" classname="com.atmecs.demoblaze.testscripts.Registration"/>
  <testcase name="contactus" time="1.44" classname="com.atmecs.demoblaze.testscripts.ContactUs"/>
  <testcase name="addtoCart" time="20.316" classname="com.atmecs.demoblaze.testscripts.AddToCart"/>
</testsuite> <!-- Default test -->
