<?xml version="1.0" encoding="UTF-8"?>
<!-- Generated by org.testng.reporters.JUnitXMLReporter -->
<testsuite hostname="ATMECSINLT-405" ignored="0" name="Default test" tests="4" failures="0" timestamp="2020-10-07T10:20:26 IST" time="90.522" errors="0">
  <testcase name="login" time="1.38" classname="com.atmecs.demoblaze.testscripts.Login"/>
  <testcase name="register" time="1.011" classname="com.atmecs.demoblaze.testscripts.Registration"/>
  <testcase name="contactus" time="1.58" classname="com.atmecs.demoblaze.testscripts.ContactUs"/>
  <testcase name="addtoCart" time="21.744" classname="com.atmecs.demoblaze.testscripts.AddToCart"/>
</testsuite> <!-- Default test -->
